[debug] [2025-07-08T16:21:27.870Z] ----------------------------------------------------------------------
[debug] [2025-07-08T16:21:27.875Z] Command:       C:\Program Files\nodejs\node.exe C:\Users\flem5\AppData\Roaming\npm\node_modules\firebase-tools\lib\bin\firebase.js deploy
[debug] [2025-07-08T16:21:27.875Z] CLI Version:   14.9.0
[debug] [2025-07-08T16:21:27.876Z] Platform:      win32
[debug] [2025-07-08T16:21:27.876Z] Node Version:  v22.16.0
[debug] [2025-07-08T16:21:27.876Z] Time:          Tue Jul 08 2025 23:21:27 GMT+0700 (เวลาอินโดจีน)
[debug] [2025-07-08T16:21:27.877Z] ----------------------------------------------------------------------
[debug] 
[debug] [2025-07-08T16:21:28.098Z] > command requires scopes: ["email","openid","https://www.googleapis.com/auth/cloudplatformprojects.readonly","https://www.googleapis.com/auth/firebase","https://www.googleapis.com/auth/cloud-platform"]
[debug] [2025-07-08T16:21:28.099Z] > authorizing via signed-in user (flem5828@gmail.com)
[debug] [2025-07-08T16:21:28.099Z] [iam] checking project storage-49f90 for permissions ["firebase.projects.get","firebasehosting.sites.update"]
[debug] [2025-07-08T16:21:28.100Z] Checked if tokens are valid: true, expires at: 1751994584766
[debug] [2025-07-08T16:21:28.100Z] Checked if tokens are valid: true, expires at: 1751994584766
[debug] [2025-07-08T16:21:28.101Z] >>> [apiv2][query] POST https://cloudresourcemanager.googleapis.com/v1/projects/storage-49f90:testIamPermissions [none]
[debug] [2025-07-08T16:21:28.101Z] >>> [apiv2][(partial)header] POST https://cloudresourcemanager.googleapis.com/v1/projects/storage-49f90:testIamPermissions x-goog-quota-user=projects/storage-49f90
[debug] [2025-07-08T16:21:28.101Z] >>> [apiv2][body] POST https://cloudresourcemanager.googleapis.com/v1/projects/storage-49f90:testIamPermissions {"permissions":["firebase.projects.get","firebasehosting.sites.update"]}
[debug] [2025-07-08T16:21:29.423Z] <<< [apiv2][status] POST https://cloudresourcemanager.googleapis.com/v1/projects/storage-49f90:testIamPermissions 200
[debug] [2025-07-08T16:21:29.423Z] <<< [apiv2][body] POST https://cloudresourcemanager.googleapis.com/v1/projects/storage-49f90:testIamPermissions {"permissions":["firebase.projects.get","firebasehosting.sites.update"]}
[debug] [2025-07-08T16:21:29.423Z] Checked if tokens are valid: true, expires at: 1751994584766
[debug] [2025-07-08T16:21:29.423Z] Checked if tokens are valid: true, expires at: 1751994584766
[debug] [2025-07-08T16:21:29.424Z] >>> [apiv2][query] GET https://firebase.googleapis.com/v1beta1/projects/storage-49f90 [none]
[debug] [2025-07-08T16:21:40.489Z] *** [apiv2] error from fetch(https://firebase.googleapis.com/v1beta1/projects/storage-49f90, {"headers":{},"method":"GET","signal":{}}): FetchError: request to https://firebase.googleapis.com/v1beta1/projects/storage-49f90 failed, reason: getaddrinfo ENOTFOUND firebase.googleapis.com
[debug] [2025-07-08T16:21:40.489Z] Failed to make request to https://firebase.googleapis.com/v1beta1/projects/storage-49f90 (original: request to https://firebase.googleapis.com/v1beta1/projects/storage-49f90 failed, reason: getaddrinfo ENOTFOUND firebase.googleapis.com)
[error] 
[error] Error: Assertion failed: resolving hosting target of a site with no site name or target name. This should have caused an error earlier
